Unity Editor version:    2020.3.26f1 (7298b473bc1a)
Branch:                  2020.3/staging
Build type:              Release
Batch mode:              YES
macOS version:           Version 12.1 (Build 21C52)
Darwin version:          21.2.0
Architecture:            x86_64
Running under Rosetta:   YES
Available memory:        16384 MB
Using pre-set license
Pro License: NO

COMMAND LINE ARGUMENTS:
/Applications/Unity/Hub/Editor/2020.3.26f1/Unity.app/Contents/MacOS/Unity
-adb2
-batchMode
-noUpm
-name
AssetImportWorker0
-projectPath
/Users/minhphan/Documents/GitHub/CSSAGameJam2022/Game
-logFile
Logs/AssetImportWorker0.log
-srvPort
59630
Successfully changed project path to: /Users/minhphan/Documents/GitHub/CSSAGameJam2022/Game
/Users/minhphan/Documents/GitHub/CSSAGameJam2022/Game
Using Asset Import Pipeline V2.
Refreshing native plugins compatible for Editor in 47.21 ms, found 3 plugins.
Preloading 0 native plugins for Editor in 0.00 ms.
Initialize engine version: 2020.3.26f1 (7298b473bc1a)
[Subsystems] Discovering subsystems at path /Applications/Unity/Hub/Editor/2020.3.26f1/Unity.app/Contents/Resources/UnitySubsystems
[Subsystems] Discovering subsystems at path /Users/minhphan/Documents/GitHub/CSSAGameJam2022/Game/Assets
GfxDevice: creating device client; threaded=0
2022-01-29 13:24:59.513 Unity[72131:184785132] (null) preferred device: Apple M1 (high power)
2022-01-29 13:24:59.513 Unity[72131:184785132] Metal devices available: 1
2022-01-29 13:24:59.513 Unity[72131:184785132] 0: Apple M1 (high power)
2022-01-29 13:24:59.513 Unity[72131:184785132] Using device Apple M1 (high power)
Initializing Metal device caps: Apple M1
Initialize mono
Mono path[0] = '/Applications/Unity/Hub/Editor/2020.3.26f1/Unity.app/Contents/Managed'
Mono path[1] = '/Applications/Unity/Hub/Editor/2020.3.26f1/Unity.app/Contents/MonoBleedingEdge/lib/mono/unityjit'
Mono config path = '/Applications/Unity/Hub/Editor/2020.3.26f1/Unity.app/Contents/MonoBleedingEdge/etc'
Using monoOptions --debugger-agent=transport=dt_socket,embedding=1,server=y,suspend=n,address=127.0.0.1:56131
Begin MonoManager ReloadAssembly
Registering precompiled unity dll's ...
Register platform support module: /Applications/Unity/Hub/Editor/2020.3.26f1/PlaybackEngines/WebGLSupport/UnityEditor.WebGL.Extensions.dll
Register platform support module: /Applications/Unity/Hub/Editor/2020.3.26f1/Unity.app/Contents/PlaybackEngines/MacStandaloneSupport/UnityEditor.OSXStandalone.Extensions.dll
Registered in 0.000457 seconds.
Native extension for OSXStandalone target not found
Native extension for WebGL target not found
Refreshing native plugins compatible for Editor in 45.13 ms, found 3 plugins.
Preloading 0 native plugins for Editor in 0.00 ms.
Mono: successfully reloaded assembly
- Completed reload, in  1.230 seconds
Domain Reload Profiling:
	ReloadAssembly (1230ms)
		BeginReloadAssembly (79ms)
			ExecutionOrderSort (0ms)
			DisableScriptedObjects (0ms)
			BackupInstance (0ms)
			ReleaseScriptingObjects (0ms)
			CreateAndSetChildDomain (2ms)
		EndReloadAssembly (1028ms)
			LoadAssemblies (77ms)
			RebuildTransferFunctionScriptingTraits (0ms)
			SetupTypeCache (179ms)
			ReleaseScriptCaches (0ms)
			RebuildScriptCaches (40ms)
			SetupLoadedEditorAssemblies (517ms)
				LogAssemblyErrors (0ms)
				InitializePlatformSupportModulesInManaged (12ms)
				SetLoadedEditorAssemblies (0ms)
				RefreshPlugins (45ms)
				BeforeProcessingInitializeOnLoad (25ms)
				ProcessInitializeOnLoadAttributes (326ms)
				ProcessInitializeOnLoadMethodAttributes (108ms)
				AfterProcessingInitializeOnLoad (0ms)
				EditorAssembliesLoaded (1ms)
			ExecutionOrderSort2 (0ms)
			AwakeInstancesAfterBackupRestoration (0ms)
Platform modules already initialized, skipping
Registering precompiled user dll's ...
Registered in 0.001375 seconds.
Begin MonoManager ReloadAssembly
Native extension for OSXStandalone target not found
Native extension for WebGL target not found
Refreshing native plugins compatible for Editor in 49.15 ms, found 3 plugins.
Preloading 0 native plugins for Editor in 0.00 ms.
Mono: successfully reloaded assembly
- Completed reload, in  2.246 seconds
Domain Reload Profiling:
	ReloadAssembly (2247ms)
		BeginReloadAssembly (246ms)
			ExecutionOrderSort (0ms)
			DisableScriptedObjects (34ms)
			BackupInstance (0ms)
			ReleaseScriptingObjects (0ms)
			CreateAndSetChildDomain (32ms)
		EndReloadAssembly (1906ms)
			LoadAssemblies (176ms)
			RebuildTransferFunctionScriptingTraits (0ms)
			SetupTypeCache (359ms)
			ReleaseScriptCaches (0ms)
			RebuildScriptCaches (52ms)
			SetupLoadedEditorAssemblies (1014ms)
				LogAssemblyErrors (0ms)
				InitializePlatformSupportModulesInManaged (12ms)
				SetLoadedEditorAssemblies (0ms)
				RefreshPlugins (49ms)
				BeforeProcessingInitializeOnLoad (120ms)
				ProcessInitializeOnLoadAttributes (779ms)
				ProcessInitializeOnLoadMethodAttributes (52ms)
				AfterProcessingInitializeOnLoad (1ms)
				EditorAssembliesLoaded (0ms)
			ExecutionOrderSort2 (0ms)
			AwakeInstancesAfterBackupRestoration (31ms)
Platform modules already initialized, skipping
Validating Project structure ... 0.003217 seconds.
Shader import version has changed; will reimport all shaders...
Upgrading shader files ...0.003636 seconds.
Application.AssetDatabase Initial Script Refresh Start
RefreshInfo: InitialScriptRefreshV2(NoUpdateAssetOptions) scanfilter:  ... 1 filters
RefreshProfiler: Total: 0.000ms
Application.AssetDatabase Initial Script Refresh End
Application.AssetDatabase.Refresh Start
Application.AssetDatabase.Refresh End
RefreshInfo: StopAssetImportingV2(ForceSynchronousImport) scanfilter: 
RefreshProfiler: Total: 0.000ms
Launching external process: /Applications/Unity/Hub/Editor/2020.3.26f1/Unity.app/Contents/Tools/UnityShaderCompiler
Launched and connected shader compiler UnityShaderCompiler after 0.02 seconds
Initializing Unity extensions:
2022-01-29 13:25:03.730 Unity[72131:184785132] NSEventModifierFlagFunction specified to -setKeyEquivalentModifierMask: for item <NSMenuItem: 0x600000a7fe20 Font Asset, ke='Command-F12'>, but is only supported for system-provided menu items; will not be used
2022-01-29 13:25:03.733 Unity[72131:184785132] NSEventModifierFlagFunction specified to -setKeyEquivalentModifierMask: for item <NSMenuItem: 0x600000a012d0 Font Asset, ke='Command-F12'>, but is only supported for system-provided menu items; will not be used
========================================================================
Worker process is ready to serve import requests
Refreshing native plugins compatible for Editor in 0.48 ms, found 3 plugins.
Preloading 0 native plugins for Editor in 0.00 ms.
Unloading 2200 Unused Serialized files (Serialized files now loaded: 0)
System memory in use before: 194.0 MB.
System memory in use after: 193.3 MB.

Unloading 103 unused Assets to reduce memory usage. Loaded Objects now: 2672.
Total: 2.652958 ms (FindLiveObjects: 0.105000 ms CreateObjectMapping: 0.043000 ms MarkObjects: 2.090375 ms  DeleteObjects: 0.413625 ms)

AssetImportParameters requested are different than current active one (requested -> active):
  custom:video-decoder-ogg-theora: a1e56fd34408186e4bbccfd4996cb3dc -> 
  custom:container-muxer-webm: aa71ff27fc2769a1b78a27578f13a17b -> 
  custom:container-demuxer-webm: 4f35f7cbe854078d1ac9338744f61a02 -> 
  custom:container-demuxer-ogg: 62fdf1f143b41e24485cea50d1cbac27 -> 
  custom:video-encoder-webm-vp8: eb34c28f22e8b96e1ab97ce403110664 -> 
  custom:framework-osx-AVFoundation: e770b220cccbd017edd2c1fefb359320 -> 
  custom:video-decoder-webm-vp8: 9c59270c3fd7afecdb556c50c9e8de78 -> 
  custom:audio-decoder-ogg-vorbis: bf7c407c2cedff20999df2af8eb42d56 -> 
  custom:audio-encoder-webm-vorbis: bf7c407c2cedff20999df2af8eb42d56 -> 
========================================================================
Received Import Request.
  path: Assets/2D_urban_cars/sprites/4x4_green
  artifactKey: Guid(71f138740321f442eadae37c7173a6b7) Importer(815301076,1909f56bfc062723c751e8b465ee728b)
Start importing Assets/2D_urban_cars/sprites/4x4_green using Guid(71f138740321f442eadae37c7173a6b7) Importer(815301076,1909f56bfc062723c751e8b465ee728b)  -> (artifact id: '504b28c730147f721c46620413faeacf') in 0.005990 seconds 
  Import took 0.008575 seconds .

========================================================================
Received Import Request.
  Time since last request: 71.370857 seconds.
  path: Assets/TerrainTexturesPackFree/TerrainTextures/GroundStones01.png
  artifactKey: Guid(17405fba9d20b47408239b3e82d60232) Importer(815301076,1909f56bfc062723c751e8b465ee728b)
Start importing Assets/TerrainTexturesPackFree/TerrainTextures/GroundStones01.png using Guid(17405fba9d20b47408239b3e82d60232) Importer(815301076,1909f56bfc062723c751e8b465ee728b)  -> (artifact id: '53436a09eb013512a84605c33122167c') in 1.127498 seconds 
  Import took 1.135864 seconds .

========================================================================
Received Import Request.
  Time since last request: 9.897462 seconds.
  path: Assets/TerrainTexturesPackFree/TerrainTextures/GroundStones01.png
  artifactKey: Guid(17405fba9d20b47408239b3e82d60232) Importer(815301076,1909f56bfc062723c751e8b465ee728b)
Start importing Assets/TerrainTexturesPackFree/TerrainTextures/GroundStones01.png using Guid(17405fba9d20b47408239b3e82d60232) Importer(815301076,1909f56bfc062723c751e8b465ee728b)  -> (artifact id: 'de6277edb9754a4ac54dde9234a21332') in 0.849031 seconds 
  Import took 0.853297 seconds .

========================================================================
Received Import Request.
  Time since last request: 114.638018 seconds.
  path: Assets/TerrainTexturesPackFree/TerrainTextures/GroundStones01.png
  artifactKey: Guid(17405fba9d20b47408239b3e82d60232) Importer(815301076,1909f56bfc062723c751e8b465ee728b)
Start importing Assets/TerrainTexturesPackFree/TerrainTextures/GroundStones01.png using Guid(17405fba9d20b47408239b3e82d60232) Importer(815301076,1909f56bfc062723c751e8b465ee728b)  -> (artifact id: '18b4c2220e4b0868e667f9bafacd2eca') in 0.086670 seconds 
  Import took 0.091097 seconds .

========================================================================
Received Import Request.
  Time since last request: 52.601567 seconds.
  path: Assets/TerrainTexturesPackFree/TerrainTextures/GroundStone/GroundStone.prefab
  artifactKey: Guid(39006264200574b1ca1e8c4b3e46d329) Importer(815301076,1909f56bfc062723c751e8b465ee728b)
Start importing Assets/TerrainTexturesPackFree/TerrainTextures/GroundStone/GroundStone.prefab using Guid(39006264200574b1ca1e8c4b3e46d329) Importer(815301076,1909f56bfc062723c751e8b465ee728b)  -> (artifact id: '9d7602beed83c5cfe49300660143ff1b') in 0.185323 seconds 
  Import took 0.190991 seconds .

========================================================================
Received Import Request.
  Time since last request: 169.981108 seconds.
  path: Assets/TerrainTexturesPackFree/TerrainTextures/GroundStone/GroundStone.prefab
  artifactKey: Guid(39006264200574b1ca1e8c4b3e46d329) Importer(815301076,1909f56bfc062723c751e8b465ee728b)
Start importing Assets/TerrainTexturesPackFree/TerrainTextures/GroundStone/GroundStone.prefab using Guid(39006264200574b1ca1e8c4b3e46d329) Importer(815301076,1909f56bfc062723c751e8b465ee728b)  -> (artifact id: '59d10d59ba4c3fdca93f43cd82d68934') in 0.027151 seconds 
  Import took 0.030926 seconds .

========================================================================
Received Import Request.
  Time since last request: 788.308668 seconds.
  path: Assets/2D_urban_cars/sprites/4x4_blue
  artifactKey: Guid(3c33cdea29fb04029baa520b18a491e8) Importer(815301076,1909f56bfc062723c751e8b465ee728b)
Start importing Assets/2D_urban_cars/sprites/4x4_blue using Guid(3c33cdea29fb04029baa520b18a491e8) Importer(815301076,1909f56bfc062723c751e8b465ee728b)  -> (artifact id: '6accba778ea8d9379e1b55639d5e527f') in 0.001340 seconds 
  Import took 0.006167 seconds .

========================================================================
Received Import Request.
  Time since last request: 1.626285 seconds.
  path: Assets/2D_urban_cars/sound
  artifactKey: Guid(bfc4f3691a91240c5b7cc7cc0666cdb1) Importer(815301076,1909f56bfc062723c751e8b465ee728b)
Start importing Assets/2D_urban_cars/sound using Guid(bfc4f3691a91240c5b7cc7cc0666cdb1) Importer(815301076,1909f56bfc062723c751e8b465ee728b)  -> (artifact id: 'f468279b099de87006f651666ab0bcda') in 0.001234 seconds 
  Import took 0.005129 seconds .

========================================================================
Received Import Request.
  Time since last request: 0.437755 seconds.
  path: Assets/2D_urban_cars/sound/blinker
  artifactKey: Guid(996454b303276455483c5f0781ac5132) Importer(815301076,1909f56bfc062723c751e8b465ee728b)
Start importing Assets/2D_urban_cars/sound/blinker using Guid(996454b303276455483c5f0781ac5132) Importer(815301076,1909f56bfc062723c751e8b465ee728b)  -> (artifact id: 'c02f7551602a346acb02d94bbdf5b27b') in 0.001413 seconds 
  Import took 0.006405 seconds .

========================================================================
Received Import Request.
  Time since last request: 0.460682 seconds.
  path: Assets/2D_urban_cars/sound/car_2
  artifactKey: Guid(75e36a8cc39324cdda6cf507ff28a004) Importer(815301076,1909f56bfc062723c751e8b465ee728b)
Start importing Assets/2D_urban_cars/sound/car_2 using Guid(75e36a8cc39324cdda6cf507ff28a004) Importer(815301076,1909f56bfc062723c751e8b465ee728b)  -> (artifact id: '4b9759502a255fd0d606b97809679e5e') in 0.000895 seconds 
  Import took 0.003790 seconds .

========================================================================
Received Import Request.
  Time since last request: 0.453522 seconds.
  path: Assets/2D_urban_cars/sound/doors
  artifactKey: Guid(e4d03166593044c4aa6d998b7c1f65bd) Importer(815301076,1909f56bfc062723c751e8b465ee728b)
Start importing Assets/2D_urban_cars/sound/doors using Guid(e4d03166593044c4aa6d998b7c1f65bd) Importer(815301076,1909f56bfc062723c751e8b465ee728b)  -> (artifact id: '98672966cd33cdd44c92d49357012939') in 0.001256 seconds 
  Import took 0.005956 seconds .

========================================================================
Received Import Request.
  Time since last request: 0.944123 seconds.
  path: Assets/2D_urban_cars/sound/gearstick
  artifactKey: Guid(885f3d7fa05e44bc1958a052255a1ce5) Importer(815301076,1909f56bfc062723c751e8b465ee728b)
Start importing Assets/2D_urban_cars/sound/gearstick using Guid(885f3d7fa05e44bc1958a052255a1ce5) Importer(815301076,1909f56bfc062723c751e8b465ee728b)  -> (artifact id: '7c29deb3b29071d2685e876c602f7720') in 0.001311 seconds 
  Import took 0.006165 seconds .

========================================================================
Received Import Request.
  Time since last request: 0.584555 seconds.
  path: Assets/2D_urban_cars/sound/car_3
  artifactKey: Guid(e745b27638bef47a181fc1489d2135dd) Importer(815301076,1909f56bfc062723c751e8b465ee728b)
Start importing Assets/2D_urban_cars/sound/car_3 using Guid(e745b27638bef47a181fc1489d2135dd) Importer(815301076,1909f56bfc062723c751e8b465ee728b)  -> (artifact id: '0a977929173e776f52da3ae05dc0f143') in 0.000807 seconds 
  Import took 0.003321 seconds .

========================================================================
Received Import Request.
  Time since last request: 1.099451 seconds.
  path: Assets/2D_urban_cars/sound/car_1
  artifactKey: Guid(b3f12e67f19604ba98ec66943c2cf1c8) Importer(815301076,1909f56bfc062723c751e8b465ee728b)
Start importing Assets/2D_urban_cars/sound/car_1 using Guid(b3f12e67f19604ba98ec66943c2cf1c8) Importer(815301076,1909f56bfc062723c751e8b465ee728b)  -> (artifact id: 'cd22ae47679518939ad579020b1699eb') in 0.000666 seconds 
  Import took 0.003192 seconds .

========================================================================
Received Import Request.
  Time since last request: 117.193933 seconds.
  path: Assets/TerrainTexturesPackFree/TerrainTextures/ParkingSlot.png
  artifactKey: Guid(20043fcdff0f24f809a72482b26ec301) Importer(815301076,1909f56bfc062723c751e8b465ee728b)
Start importing Assets/TerrainTexturesPackFree/TerrainTextures/ParkingSlot.png using Guid(20043fcdff0f24f809a72482b26ec301) Importer(815301076,1909f56bfc062723c751e8b465ee728b)  -> (artifact id: '12963460e098b457581e8bedffc5b0db') in 0.017178 seconds 
  Import took 0.021611 seconds .

========================================================================
Received Import Request.
  Time since last request: 207.541304 seconds.
  path: Assets/TerrainTexturesPackFree/TerrainTextures/ParkingSlot.png
  artifactKey: Guid(20043fcdff0f24f809a72482b26ec301) Importer(815301076,1909f56bfc062723c751e8b465ee728b)
Start importing Assets/TerrainTexturesPackFree/TerrainTextures/ParkingSlot.png using Guid(20043fcdff0f24f809a72482b26ec301) Importer(815301076,1909f56bfc062723c751e8b465ee728b)  -> (artifact id: '1f471c18471ed3d4b87221c66ba9c42c') in 0.006480 seconds 
  Import took 0.009406 seconds .

========================================================================
Received Import Request.
  Time since last request: 41.933458 seconds.
  path: Assets/TerrainTexturesPackFree/TerrainTextures/ParkingSlot.png
  artifactKey: Guid(20043fcdff0f24f809a72482b26ec301) Importer(815301076,1909f56bfc062723c751e8b465ee728b)
Start importing Assets/TerrainTexturesPackFree/TerrainTextures/ParkingSlot.png using Guid(20043fcdff0f24f809a72482b26ec301) Importer(815301076,1909f56bfc062723c751e8b465ee728b)  -> (artifact id: '4fdf9700bc31f4e8dd8d2ac3abf55049') in 0.007621 seconds 
  Import took 0.010376 seconds .

========================================================================
Received Import Request.
  Time since last request: 494.568045 seconds.
  path: ProjectSettings/TagManager.asset
  artifactKey: Guid(00000000000000003000000000000000) Importer(815301076,1909f56bfc062723c751e8b465ee728b)
Start importing ProjectSettings/TagManager.asset using Guid(00000000000000003000000000000000) Importer(815301076,1909f56bfc062723c751e8b465ee728b)  -> (artifact id: 'ce6a35c3cddc746e7501c0bd0ed6d4ce') in 0.061571 seconds 
  Import took 0.066161 seconds .

========================================================================
Received Prepare
Registering precompiled user dll's ...
Registered in 0.002285 seconds.
Begin MonoManager ReloadAssembly
Native extension for OSXStandalone target not found
Native extension for WebGL target not found
Refreshing native plugins compatible for Editor in 0.53 ms, found 3 plugins.
Preloading 0 native plugins for Editor in 0.00 ms.
2022-01-29 14:03:23.371 Unity[72131:184785132] NSEventModifierFlagFunction specified to -setKeyEquivalentModifierMask: for item <NSMenuItem: 0x600000a0c460 Font Asset, ke='Command-F12'>, but is only supported for system-provided menu items; will not be used
Mono: successfully reloaded assembly
- Completed reload, in  2.355 seconds
Domain Reload Profiling:
	ReloadAssembly (2356ms)
		BeginReloadAssembly (215ms)
			ExecutionOrderSort (0ms)
			DisableScriptedObjects (37ms)
			BackupInstance (0ms)
			ReleaseScriptingObjects (0ms)
			CreateAndSetChildDomain (73ms)
		EndReloadAssembly (2043ms)
			LoadAssemblies (183ms)
			RebuildTransferFunctionScriptingTraits (0ms)
			SetupTypeCache (368ms)
			ReleaseScriptCaches (1ms)
			RebuildScriptCaches (55ms)
			SetupLoadedEditorAssemblies (1110ms)
				LogAssemblyErrors (0ms)
				InitializePlatformSupportModulesInManaged (16ms)
				SetLoadedEditorAssemblies (1ms)
				RefreshPlugins (1ms)
				BeforeProcessingInitializeOnLoad (168ms)
				ProcessInitializeOnLoadAttributes (880ms)
				ProcessInitializeOnLoadMethodAttributes (42ms)
				AfterProcessingInitializeOnLoad (1ms)
				EditorAssembliesLoaded (0ms)
			ExecutionOrderSort2 (0ms)
			AwakeInstancesAfterBackupRestoration (71ms)
Platform modules already initialized, skipping
Refreshing native plugins compatible for Editor in 0.49 ms, found 3 plugins.
Preloading 0 native plugins for Editor in 0.00 ms.
Unloading 2188 Unused Serialized files (Serialized files now loaded: 0)
System memory in use before: 204.6 MB.
System memory in use after: 204.7 MB.

Unloading 19 unused Assets to reduce memory usage. Loaded Objects now: 2689.
Total: 2.236958 ms (FindLiveObjects: 0.096667 ms CreateObjectMapping: 0.042792 ms MarkObjects: 2.079458 ms  DeleteObjects: 0.017083 ms)

AssetImportParameters requested are different than current active one (requested -> active):
  custom:video-decoder-ogg-theora: a1e56fd34408186e4bbccfd4996cb3dc -> 
  custom:container-muxer-webm: aa71ff27fc2769a1b78a27578f13a17b -> 
  custom:container-demuxer-webm: 4f35f7cbe854078d1ac9338744f61a02 -> 
  custom:container-demuxer-ogg: 62fdf1f143b41e24485cea50d1cbac27 -> 
  custom:video-encoder-webm-vp8: eb34c28f22e8b96e1ab97ce403110664 -> 
  custom:framework-osx-AVFoundation: e770b220cccbd017edd2c1fefb359320 -> 
  custom:video-decoder-webm-vp8: 9c59270c3fd7afecdb556c50c9e8de78 -> 
  custom:audio-decoder-ogg-vorbis: bf7c407c2cedff20999df2af8eb42d56 -> 
  custom:audio-encoder-webm-vorbis: bf7c407c2cedff20999df2af8eb42d56 -> 
